<?xml version="1.0" encoding="UTF-8"?>
<testsuite name="com.sandwich.koan.runner.AppLauncherTest" tests="3" skipped="0" failures="0" errors="0" timestamp="2016-03-28T13:47:12" hostname="BOOM.config" time="0.002">
  <properties/>
  <testcase name="testNecessityOfAddingRunKoansCommandLineArgument_addsIfNoArgsPresent" classname="com.sandwich.koan.runner.AppLauncherTest" time="0.001"/>
  <testcase name="testNecessityOfAddingRunKoansCommandLineArgument_ifClassArgIsPresent" classname="com.sandwich.koan.runner.AppLauncherTest" time="0.0"/>
  <testcase name="testNecessityOfAddingRunKoansCommandLineArgument_doesntIfClassArgIsntPresent" classname="com.sandwich.koan.runner.AppLauncherTest" time="0.0"/>
  <system-out><![CDATA[]]></system-out>
  <system-err><![CDATA[]]></system-err>
</testsuite>
