<?xml version="1.0" encoding="UTF-8"?>
<testsuite name="com.sandwich.koan.runner.ConsolePresenterTest" tests="10" skipped="0" failures="0" errors="0" timestamp="2016-03-28T13:47:14" hostname="BOOM.config" time="0.075">
  <properties/>
  <testcase name="progressAllPassing" classname="com.sandwich.koan.runner.ConsolePresenterTest" time="0.005"/>
  <testcase name="encouragement" classname="com.sandwich.koan.runner.ConsolePresenterTest" time="0.004"/>
  <testcase name="progressFiftyFifty" classname="com.sandwich.koan.runner.ConsolePresenterTest" time="0.009"/>
  <testcase name="testOneHundredPercentSuccessReward" classname="com.sandwich.koan.runner.ConsolePresenterTest" time="0.005"/>
  <testcase name="hintPresentation" classname="com.sandwich.koan.runner.ConsolePresenterTest" time="0.011"/>
  <testcase name="whatWentWrongExplanation" classname="com.sandwich.koan.runner.ConsolePresenterTest" time="0.006"/>
  <testcase name="failingAndPassingSuites" classname="com.sandwich.koan.runner.ConsolePresenterTest" time="0.011"/>
  <testcase name="passingSuites" classname="com.sandwich.koan.runner.ConsolePresenterTest" time="0.008"/>
  <testcase name="failingSuites" classname="com.sandwich.koan.runner.ConsolePresenterTest" time="0.008"/>
  <testcase name="progressAllFailing" classname="com.sandwich.koan.runner.ConsolePresenterTest" time="0.005"/>
  <system-out><![CDATA[]]></system-out>
  <system-err><![CDATA[]]></system-err>
</testsuite>
