<?xml version="1.0" encoding="UTF-8"?>
<testsuite name="com.sandwich.koan.runner.AppReadinessForDeploymentTest" tests="10" skipped="0" failures="0" errors="0" timestamp="2016-03-28T13:47:12" hostname="BOOM.config" time="1.212">
  <properties/>
  <testcase name="testWarningFromPlacingExpectationOnWrongSide" classname="com.sandwich.koan.runner.AppReadinessForDeploymentTest" time="0.018"/>
  <testcase name="testMainMethodWithClassNameArg_classNameAndMethod" classname="com.sandwich.koan.runner.AppReadinessForDeploymentTest" time="0.013"/>
  <testcase name="testGetKoans" classname="com.sandwich.koan.runner.AppReadinessForDeploymentTest" time="0.007"/>
  <testcase name="testKoanSuiteRunner_allKoansFail" classname="com.sandwich.koan.runner.AppReadinessForDeploymentTest" time="1.096"/>
  <testcase name="testMainMethodWithClassNameArg_classSimpleName" classname="com.sandwich.koan.runner.AppReadinessForDeploymentTest" time="0.011"/>
  <testcase name="testMainMethodWithClassNameArg_qualifiedWithPkgName" classname="com.sandwich.koan.runner.AppReadinessForDeploymentTest" time="0.008"/>
  <testcase name="testLineExceptionIsThrownAtIsHintedAt" classname="com.sandwich.koan.runner.AppReadinessForDeploymentTest" time="0.009"/>
  <testcase name="testNoWarningFromPlacingExpectationOnRightSide" classname="com.sandwich.koan.runner.AppReadinessForDeploymentTest" time="0.006"/>
  <testcase name="testKoanSuiteRunner_firstKoanFail" classname="com.sandwich.koan.runner.AppReadinessForDeploymentTest" time="0.031"/>
  <testcase name="testLineExceptionIsThrownAtIsHintedAtEvenIfThrownFromSuperClass" classname="com.sandwich.koan.runner.AppReadinessForDeploymentTest" time="0.008"/>
  <system-out><![CDATA[]]></system-out>
  <system-err><![CDATA[mar 28, 2016 2:47:12 PM com.sandwich.koan.runner.KoanMethodRunner logExpectationOnWrongSideWarning
GRAVE: WrongExpectationOrderKoan.expectationOnLeft has expectation as wrong argument!
]]></system-err>
</testsuite>
