<?xml version="1.0" encoding="UTF-8"?>
<testsuite name="com.sandwich.util.StringsTest" tests="4" skipped="0" failures="0" errors="0" timestamp="2016-03-28T13:47:14" hostname="BOOM.config" time="0.028">
  <properties/>
  <testcase name="testEnglishXmlWhenXmlForLocaleIsFound_eventIsNotLogged" classname="com.sandwich.util.StringsTest" time="0.001"/>
  <testcase name="testFallsBackToEnglishXmlWhenNoXmlForLocaleIsFound_eventIsLogged" classname="com.sandwich.util.StringsTest" time="0.016"/>
  <testcase name="testStringsBundleInitializationWithNonDefaultLocale" classname="com.sandwich.util.StringsTest" time="0.006"/>
  <testcase name="testStringsBundleInitializationWithDefaultLocale" classname="com.sandwich.util.StringsTest" time="0.003"/>
  <system-out><![CDATA[]]></system-out>
  <system-err><![CDATA[三月 28, 2016 2:47:14 下午 com.sandwich.util.Strings createResourceBundle
信息: Your default language is not supported yet. /Users/takaczapka/dev/java-koans/koans/app/config/i18n/messages_zh.properties (No such file or directory)
三月 28, 2016 2:47:14 下午 com.sandwich.util.Strings createResourceBundle
信息: Your default language is not supported yet. /Users/takaczapka/dev/java-koans/koans/app/config/i18n/messages_zh.properties (No such file or directory)
]]></system-err>
</testsuite>
