<?xml version="1.0" encoding="UTF-8"?>
<testsuite name="com.sandwich.koan.path.RbVariableInjectorTest" tests="5" skipped="0" failures="0" errors="0" timestamp="2016-03-28T13:47:12" hostname="BOOM.config" time="0.042">
  <properties/>
  <testcase name="injectInputVariables_methodName" classname="com.sandwich.koan.path.RbVariableInjectorTest" time="0.009"/>
  <testcase name="nothingToInject" classname="com.sandwich.koan.path.RbVariableInjectorTest" time="0.009"/>
  <testcase name="construction_nullMethod" classname="com.sandwich.koan.path.RbVariableInjectorTest" time="0.007"/>
  <testcase name="injectInputVariables_fileName" classname="com.sandwich.koan.path.RbVariableInjectorTest" time="0.01"/>
  <testcase name="injectInputVariables_filePath" classname="com.sandwich.koan.path.RbVariableInjectorTest" time="0.007"/>
  <system-out><![CDATA[]]></system-out>
  <system-err><![CDATA[]]></system-err>
</testsuite>
